<?xml version="1.0" encoding="UTF-8"?>
<!-- Generated by org.testng.reporters.JUnitXMLReporter -->
<testsuite ignored="2" hostname="DESKTOP-0F0OE94" failures="0" tests="5" name="Command line test" time="1.215" errors="0" timestamp="2022-08-04T16:18:29 ICT">
  <testcase classname="tests.testng.TestNGHooks01" name="test01" time="0.332"/>
  <testcase classname="tests.testng.TestNGHooks01" name="test02" time="0.006"/>
  <testcase classname="tests.testng.TestNGHooks02" name="test01" time="0.006"/>
  <testcase classname="tests.testng.TestNGHooks02" name="test02" time="0.005"/>
  <testcase classname="tests.testng.TestNGHooks02" name="test03" time="0.008"/>
  <testcase classname="tests.testng.BaseTestNG" name="@BeforeTest beforeTest" time="0.0">
    <ignored/>
  </testcase> <!-- @BeforeTest beforeTest -->
  <testcase classname="tests.testng.BaseTestNG" name="@BeforeSuite beforeSuit" time="0.0">
    <ignored/>
  </testcase> <!-- @BeforeSuite beforeSuit -->
</testsuite> <!-- Command line test -->
