<?xml version="1.0" encoding="UTF-8"?>
<testng-results ignored="2" total="7" passed="5" failed="0" skipped="0">
  <reporter-output>
  </reporter-output>
  <suite started-at="2022-08-04T16:18:28 ICT" name="Command line suite" finished-at="2022-08-04T16:18:29 ICT" duration-ms="1215">
    <groups>
    </groups>
    <test started-at="2022-08-04T16:18:28 ICT" name="Command line test" finished-at="2022-08-04T16:18:29 ICT" duration-ms="1215">
      <class name="tests.testng.TestNGHooks01">
        <test-method is-config="true" signature="beforeSuit()[pri:0, instance:tests.testng.TestNGHooks01@fd07cbb]" started-at="2022-08-04T16:18:28 ICT" name="beforeSuit" finished-at="2022-08-04T16:18:28 ICT" duration-ms="121" status="PASS">
          <reporter-output>
          </reporter-output>
        </test-method> <!-- beforeSuit -->
        <test-method is-config="true" signature="beforeTest()[pri:0, instance:tests.testng.TestNGHooks01@fd07cbb]" started-at="2022-08-04T16:18:28 ICT" name="beforeTest" finished-at="2022-08-04T16:18:28 ICT" duration-ms="3" status="PASS">
          <reporter-output>
          </reporter-output>
        </test-method> <!-- beforeTest -->
        <test-method is-config="true" signature="beforeClass()[pri:0, instance:tests.testng.TestNGHooks01@fd07cbb]" started-at="2022-08-04T16:18:28 ICT" name="beforeClass" finished-at="2022-08-04T16:18:28 ICT" duration-ms="7" status="PASS">
          <reporter-output>
          </reporter-output>
        </test-method> <!-- beforeClass -->
        <test-method is-config="true" signature="beforeMethod()[pri:0, instance:tests.testng.TestNGHooks01@fd07cbb]" started-at="2022-08-04T16:18:28 ICT" name="beforeMethod" finished-at="2022-08-04T16:18:28 ICT" duration-ms="3" status="PASS">
          <reporter-output>
          </reporter-output>
        </test-method> <!-- beforeMethod -->
        <test-method signature="test01()[pri:2, instance:tests.testng.TestNGHooks01@fd07cbb]" started-at="2022-08-04T16:18:29 ICT" name="test01" finished-at="2022-08-04T16:18:29 ICT" duration-ms="332" status="PASS">
          <reporter-output>
          </reporter-output>
        </test-method> <!-- test01 -->
        <test-method is-config="true" signature="afterMethod()[pri:0, instance:tests.testng.TestNGHooks01@fd07cbb]" started-at="2022-08-04T16:18:29 ICT" name="afterMethod" finished-at="2022-08-04T16:18:29 ICT" duration-ms="3" status="PASS">
          <reporter-output>
          </reporter-output>
        </test-method> <!-- afterMethod -->
        <test-method is-config="true" signature="beforeMethod()[pri:0, instance:tests.testng.TestNGHooks01@fd07cbb]" started-at="2022-08-04T16:18:29 ICT" name="beforeMethod" finished-at="2022-08-04T16:18:29 ICT" duration-ms="3" status="PASS">
          <reporter-output>
          </reporter-output>
        </test-method> <!-- beforeMethod -->
        <test-method signature="test02()[pri:1, instance:tests.testng.TestNGHooks01@fd07cbb]" started-at="2022-08-04T16:18:29 ICT" name="test02" finished-at="2022-08-04T16:18:29 ICT" depends-on-methods="tests.testng.TestNGHooks01.test01" duration-ms="6" status="PASS">
          <reporter-output>
          </reporter-output>
        </test-method> <!-- test02 -->
        <test-method is-config="true" signature="afterMethod()[pri:0, instance:tests.testng.TestNGHooks01@fd07cbb]" started-at="2022-08-04T16:18:29 ICT" name="afterMethod" finished-at="2022-08-04T16:18:29 ICT" duration-ms="2" status="PASS">
          <reporter-output>
          </reporter-output>
        </test-method> <!-- afterMethod -->
      </class> <!-- tests.testng.TestNGHooks01 -->
      <class name="tests.testng.TestNGHooks02">
        <test-method is-config="true" signature="beforeClass()[pri:0, instance:tests.testng.TestNGHooks02@55740540]" started-at="2022-08-04T16:18:29 ICT" name="beforeClass" finished-at="2022-08-04T16:18:29 ICT" duration-ms="3" status="PASS">
          <reporter-output>
          </reporter-output>
        </test-method> <!-- beforeClass -->
        <test-method is-config="true" signature="beforeMethod()[pri:0, instance:tests.testng.TestNGHooks02@55740540]" started-at="2022-08-04T16:18:29 ICT" name="beforeMethod" finished-at="2022-08-04T16:18:29 ICT" duration-ms="3" status="PASS">
          <reporter-output>
          </reporter-output>
        </test-method> <!-- beforeMethod -->
        <test-method signature="test01()[pri:0, instance:tests.testng.TestNGHooks02@55740540]" started-at="2022-08-04T16:18:29 ICT" name="test01" finished-at="2022-08-04T16:18:29 ICT" duration-ms="6" status="PASS">
          <reporter-output>
          </reporter-output>
        </test-method> <!-- test01 -->
        <test-method is-config="true" signature="afterMethod()[pri:0, instance:tests.testng.TestNGHooks02@55740540]" started-at="2022-08-04T16:18:29 ICT" name="afterMethod" finished-at="2022-08-04T16:18:29 ICT" duration-ms="3" status="PASS">
          <reporter-output>
          </reporter-output>
        </test-method> <!-- afterMethod -->
        <test-method is-config="true" signature="beforeMethod()[pri:0, instance:tests.testng.TestNGHooks02@55740540]" started-at="2022-08-04T16:18:29 ICT" name="beforeMethod" finished-at="2022-08-04T16:18:29 ICT" duration-ms="1" status="PASS">
          <reporter-output>
          </reporter-output>
        </test-method> <!-- beforeMethod -->
        <test-method signature="test02()[pri:0, instance:tests.testng.TestNGHooks02@55740540]" started-at="2022-08-04T16:18:29 ICT" name="test02" finished-at="2022-08-04T16:18:29 ICT" duration-ms="5" status="PASS">
          <reporter-output>
          </reporter-output>
        </test-method> <!-- test02 -->
        <test-method is-config="true" signature="afterMethod()[pri:0, instance:tests.testng.TestNGHooks02@55740540]" started-at="2022-08-04T16:18:29 ICT" name="afterMethod" finished-at="2022-08-04T16:18:29 ICT" duration-ms="3" status="PASS">
          <reporter-output>
          </reporter-output>
        </test-method> <!-- afterMethod -->
        <test-method is-config="true" signature="beforeMethod()[pri:0, instance:tests.testng.TestNGHooks02@55740540]" started-at="2022-08-04T16:18:29 ICT" name="beforeMethod" finished-at="2022-08-04T16:18:29 ICT" duration-ms="2" status="PASS">
          <reporter-output>
          </reporter-output>
        </test-method> <!-- beforeMethod -->
        <test-method signature="test03()[pri:0, instance:tests.testng.TestNGHooks02@55740540]" started-at="2022-08-04T16:18:29 ICT" name="test03" finished-at="2022-08-04T16:18:29 ICT" duration-ms="8" status="PASS">
          <reporter-output>
          </reporter-output>
        </test-method> <!-- test03 -->
        <test-method is-config="true" signature="afterMethod()[pri:0, instance:tests.testng.TestNGHooks02@55740540]" started-at="2022-08-04T16:18:29 ICT" name="afterMethod" finished-at="2022-08-04T16:18:29 ICT" duration-ms="2" status="PASS">
          <reporter-output>
          </reporter-output>
        </test-method> <!-- afterMethod -->
      </class> <!-- tests.testng.TestNGHooks02 -->
    </test> <!-- Command line test -->
  </suite> <!-- Command line suite -->
</testng-results>
